<?xml version="1.0" encoding="UTF-8"?><testsuite errors="0" failures="0" name="net.serenity.bdd.features.function_testing.FillInTheForm" skipped="0" tests="6" time="35.57" timestamp="2020-05-22T12:40:36.298981400+03:00[Europe/Bucharest]"><testcase classname="net.serenity.bdd.features.function_testing.FillInTheForm" name="Void input form returns error message"/><testcase classname="net.serenity.bdd.features.function_testing.FillInTheForm" name="Valid input form returns no error message"/></testsuite>